E:\SHARE\YOP\DESKTOP\SIMPLEGAME\SIMPLEGAME\DEBUG\B2BROADPHASE.OBJ
E:\SHARE\YOP\DESKTOP\SIMPLEGAME\SIMPLEGAME\DEBUG\B2TIMEOFIMPACT.OBJ
E:\SHARE\YOP\DESKTOP\SIMPLEGAME\SIMPLEGAME\DEBUG\B2POLYGONSHAPE.OBJ
E:\SHARE\YOP\DESKTOP\SIMPLEGAME\SIMPLEGAME\DEBUG\B2SETTINGS.OBJ
E:\SHARE\YOP\DESKTOP\SIMPLEGAME\SIMPLEGAME\DEBUG\B2CONTACTMANAGER.OBJ
E:\SHARE\YOP\DESKTOP\SIMPLEGAME\SIMPLEGAME\DEBUG\B2WORLD.OBJ
E:\SHARE\YOP\DESKTOP\SIMPLEGAME\SIMPLEGAME\DEBUG\B2CIRCLECONTACT.OBJ
E:\SHARE\YOP\DESKTOP\SIMPLEGAME\SIMPLEGAME\DEBUG\B2EDGEANDPOLYGONCONTACT.OBJ
E:\SHARE\YOP\DESKTOP\SIMPLEGAME\SIMPLEGAME\DEBUG\B2FRICTIONJOINT.OBJ
E:\SHARE\YOP\DESKTOP\SIMPLEGAME\SIMPLEGAME\DEBUG\B2PRISMATICJOINT.OBJ
E:\SHARE\YOP\DESKTOP\SIMPLEGAME\SIMPLEGAME\DEBUG\B2WELDJOINT.OBJ
E:\SHARE\YOP\DESKTOP\SIMPLEGAME\SIMPLEGAME\DEBUG\CCNOTIFICATIONCENTER.OBJ
E:\SHARE\YOP\DESKTOP\SIMPLEGAME\SIMPLEGAME\DEBUG\TGALIB.OBJ
E:\SHARE\YOP\DESKTOP\SIMPLEGAME\SIMPLEGAME\DEBUG\CCTMXOBJECTGROUP.OBJ
E:\SHARE\YOP\DESKTOP\SIMPLEGAME\SIMPLEGAME\DEBUG\AUDIO.OBJ
E:\SHARE\YOP\DESKTOP\SIMPLEGAME\SIMPLEGAME\DEBUG\CCACTIONMANAGER.OBJ
E:\SHARE\YOP\DESKTOP\SIMPLEGAME\SIMPLEGAME\DEBUG\CCATLASNODE.OBJ
E:\SHARE\YOP\DESKTOP\SIMPLEGAME\SIMPLEGAME\DEBUG\CCDIRECTOR.OBJ
E:\SHARE\YOP\DESKTOP\SIMPLEGAME\SIMPLEGAME\DEBUG\CCGEOMETRY.OBJ
E:\SHARE\YOP\DESKTOP\SIMPLEGAME\SIMPLEGAME\DEBUG\CCOBJECT.OBJ
E:\SHARE\YOP\DESKTOP\SIMPLEGAME\SIMPLEGAME\DEBUG\CCKEYPADDELEGATE.OBJ
E:\SHARE\YOP\DESKTOP\SIMPLEGAME\SIMPLEGAME\DEBUG\CCLABELATLAS.OBJ
E:\SHARE\YOP\DESKTOP\SIMPLEGAME\SIMPLEGAME\DEBUG\CCSCENE.OBJ
E:\SHARE\YOP\DESKTOP\SIMPLEGAME\SIMPLEGAME\DEBUG\CCTRANSITIONRADIAL.OBJ
E:\SHARE\YOP\DESKTOP\SIMPLEGAME\SIMPLEGAME\DEBUG\CCPROGRESSTIMER.OBJ
E:\SHARE\YOP\DESKTOP\SIMPLEGAME\SIMPLEGAME\DEBUG\CCPARTICLESYSTEMQUAD.OBJ
E:\SHARE\YOP\DESKTOP\SIMPLEGAME\SIMPLEGAME\DEBUG\CCSTDC.OBJ
E:\SHARE\YOP\DESKTOP\SIMPLEGAME\SIMPLEGAME\DEBUG\PLATFORM.OBJ
E:\SHARE\YOP\DESKTOP\SIMPLEGAME\SIMPLEGAME\DEBUG\CCAPPLICATION_WIN8_METRO.OBJ
E:\SHARE\YOP\DESKTOP\SIMPLEGAME\SIMPLEGAME\DEBUG\CCSCRIPTSUPPORT.OBJ
E:\SHARE\YOP\DESKTOP\SIMPLEGAME\SIMPLEGAME\DEBUG\CCANIMATIONCACHE.OBJ
E:\SHARE\YOP\DESKTOP\SIMPLEGAME\SIMPLEGAME\DEBUG\CCSPRITEBATCHNODE.OBJ
E:\SHARE\YOP\DESKTOP\SIMPLEGAME\SIMPLEGAME\DEBUG\CCPROFILING.OBJ
E:\SHARE\YOP\DESKTOP\SIMPLEGAME\SIMPLEGAME\DEBUG\CCUSERDEFAULT.OBJ
E:\SHARE\YOP\DESKTOP\SIMPLEGAME\SIMPLEGAME\DEBUG\CCTEXTURE2D.OBJ
E:\SHARE\YOP\DESKTOP\SIMPLEGAME\SIMPLEGAME\DEBUG\CCIMEDISPATCHER.OBJ
E:\SHARE\YOP\DESKTOP\SIMPLEGAME\SIMPLEGAME\DEBUG\CCTEXTFIELDTTF.OBJ
E:\SHARE\YOP\DESKTOP\SIMPLEGAME\SIMPLEGAME\DEBUG\SIMPLEAUDIOENGINE.OBJ
E:\SHARE\YOP\DESKTOP\SIMPLEGAME\SIMPLEGAME\DEBUG\GAMEOVERSCENE.OBJ
E:\SHARE\YOP\DESKTOP\SIMPLEGAME\SIMPLEGAME\DEBUG\MAIN.OBJ
E:\SHARE\YOP\DESKTOP\SIMPLEGAME\SIMPLEGAME\DEBUG\SIMPLETEXTRENDERER.OBJ
E:\SHARE\YOP\DESKTOP\SIMPLEGAME\SIMPLEGAME\DEBUG\B2COLLIDEEDGE.OBJ
E:\SHARE\YOP\DESKTOP\SIMPLEGAME\SIMPLEGAME\DEBUG\B2DISTANCE.OBJ
E:\SHARE\YOP\DESKTOP\SIMPLEGAME\SIMPLEGAME\DEBUG\B2EDGESHAPE.OBJ
E:\SHARE\YOP\DESKTOP\SIMPLEGAME\SIMPLEGAME\DEBUG\B2BLOCKALLOCATOR.OBJ
E:\SHARE\YOP\DESKTOP\SIMPLEGAME\SIMPLEGAME\DEBUG\B2BODY.OBJ
E:\SHARE\YOP\DESKTOP\SIMPLEGAME\SIMPLEGAME\DEBUG\B2ISLAND.OBJ
E:\SHARE\YOP\DESKTOP\SIMPLEGAME\SIMPLEGAME\DEBUG\B2CHAINANDPOLYGONCONTACT.OBJ
E:\SHARE\YOP\DESKTOP\SIMPLEGAME\SIMPLEGAME\DEBUG\B2EDGEANDCIRCLECONTACT.OBJ
E:\SHARE\YOP\DESKTOP\SIMPLEGAME\SIMPLEGAME\DEBUG\B2DISTANCEJOINT.OBJ
E:\SHARE\YOP\DESKTOP\SIMPLEGAME\SIMPLEGAME\DEBUG\B2MOUSEJOINT.OBJ
E:\SHARE\YOP\DESKTOP\SIMPLEGAME\SIMPLEGAME\DEBUG\B2ROPEJOINT.OBJ
E:\SHARE\YOP\DESKTOP\SIMPLEGAME\SIMPLEGAME\DEBUG\CCDRAWINGPRIMITIVES.OBJ
E:\SHARE\YOP\DESKTOP\SIMPLEGAME\SIMPLEGAME\DEBUG\CCTMXLAYER.OBJ
E:\SHARE\YOP\DESKTOP\SIMPLEGAME\SIMPLEGAME\DEBUG\CCACTION.OBJ
E:\SHARE\YOP\DESKTOP\SIMPLEGAME\SIMPLEGAME\DEBUG\CCACTIONEASE.OBJ
E:\SHARE\YOP\DESKTOP\SIMPLEGAME\SIMPLEGAME\DEBUG\CCACTIONINSTANT.OBJ
E:\SHARE\YOP\DESKTOP\SIMPLEGAME\SIMPLEGAME\DEBUG\CCACTIONPROGRESSTIMER.OBJ
E:\SHARE\YOP\DESKTOP\SIMPLEGAME\SIMPLEGAME\DEBUG\CCCAMERA.OBJ
E:\SHARE\YOP\DESKTOP\SIMPLEGAME\SIMPLEGAME\DEBUG\CCAUTORELEASEPOOL.OBJ
E:\SHARE\YOP\DESKTOP\SIMPLEGAME\SIMPLEGAME\DEBUG\CCZONE.OBJ
E:\SHARE\YOP\DESKTOP\SIMPLEGAME\SIMPLEGAME\DEBUG\CCGRID.OBJ
E:\SHARE\YOP\DESKTOP\SIMPLEGAME\SIMPLEGAME\DEBUG\CCLAYER.OBJ
E:\SHARE\YOP\DESKTOP\SIMPLEGAME\SIMPLEGAME\DEBUG\CCMOTIONSTREAK.OBJ
E:\SHARE\YOP\DESKTOP\SIMPLEGAME\SIMPLEGAME\DEBUG\CCPARTICLEEXAMPLES.OBJ
E:\SHARE\YOP\DESKTOP\SIMPLEGAME\SIMPLEGAME\DEBUG\CCPARTICLESYSTEMPOINT.OBJ
E:\SHARE\YOP\DESKTOP\SIMPLEGAME\SIMPLEGAME\DEBUG\CCGL.OBJ
E:\SHARE\YOP\DESKTOP\SIMPLEGAME\SIMPLEGAME\DEBUG\CCSAXPARSER.OBJ
E:\SHARE\YOP\DESKTOP\SIMPLEGAME\SIMPLEGAME\DEBUG\BASICREADERWRITER.OBJ
E:\SHARE\YOP\DESKTOP\SIMPLEGAME\SIMPLEGAME\DEBUG\DXTEXTPAINTER.OBJ
E:\SHARE\YOP\DESKTOP\SIMPLEGAME\SIMPLEGAME\DEBUG\CCSPRITEFRAMECACHE.OBJ
E:\SHARE\YOP\DESKTOP\SIMPLEGAME\SIMPLEGAME\DEBUG\CCPOINTEXTENSION.OBJ
E:\SHARE\YOP\DESKTOP\SIMPLEGAME\SIMPLEGAME\DEBUG\CCUTILS.OBJ
E:\SHARE\YOP\DESKTOP\SIMPLEGAME\SIMPLEGAME\DEBUG\TRANSFORMUTILS.OBJ
E:\SHARE\YOP\DESKTOP\SIMPLEGAME\SIMPLEGAME\DEBUG\CCTEXTURECACHE.OBJ
E:\SHARE\YOP\DESKTOP\SIMPLEGAME\SIMPLEGAME\DEBUG\CCTOUCHDISPATCHER.OBJ
E:\SHARE\YOP\DESKTOP\SIMPLEGAME\SIMPLEGAME\DEBUG\TINYSTR.OBJ
E:\SHARE\YOP\DESKTOP\SIMPLEGAME\SIMPLEGAME\DEBUG\TINYXMLERROR.OBJ
E:\SHARE\YOP\DESKTOP\SIMPLEGAME\SIMPLEGAME\DEBUG\APP.XAML.OBJ
E:\SHARE\YOP\DESKTOP\SIMPLEGAME\SIMPLEGAME\DEBUG\DIRECTXPAGE.XAML.OBJ
E:\SHARE\YOP\DESKTOP\SIMPLEGAME\SIMPLEGAME\DEBUG\B2COLLIDECIRCLE.OBJ
E:\SHARE\YOP\DESKTOP\SIMPLEGAME\SIMPLEGAME\DEBUG\B2COLLISION.OBJ
E:\SHARE\YOP\DESKTOP\SIMPLEGAME\SIMPLEGAME\DEBUG\B2CIRCLESHAPE.OBJ
E:\SHARE\YOP\DESKTOP\SIMPLEGAME\SIMPLEGAME\DEBUG\B2MATH.OBJ
E:\SHARE\YOP\DESKTOP\SIMPLEGAME\SIMPLEGAME\DEBUG\B2TIMER.OBJ
E:\SHARE\YOP\DESKTOP\SIMPLEGAME\SIMPLEGAME\DEBUG\B2WORLDCALLBACKS.OBJ
E:\SHARE\YOP\DESKTOP\SIMPLEGAME\SIMPLEGAME\DEBUG\B2CONTACT.OBJ
E:\SHARE\YOP\DESKTOP\SIMPLEGAME\SIMPLEGAME\DEBUG\B2POLYGONANDCIRCLECONTACT.OBJ
E:\SHARE\YOP\DESKTOP\SIMPLEGAME\SIMPLEGAME\DEBUG\B2GEARJOINT.OBJ
E:\SHARE\YOP\DESKTOP\SIMPLEGAME\SIMPLEGAME\DEBUG\B2PULLEYJOINT.OBJ
E:\SHARE\YOP\DESKTOP\SIMPLEGAME\SIMPLEGAME\DEBUG\B2WHEELJOINT.OBJ
E:\SHARE\YOP\DESKTOP\SIMPLEGAME\SIMPLEGAME\DEBUG\FONTLOADER.OBJ
E:\SHARE\YOP\DESKTOP\SIMPLEGAME\SIMPLEGAME\DEBUG\CCTILEMAPATLAS.OBJ
E:\SHARE\YOP\DESKTOP\SIMPLEGAME\SIMPLEGAME\DEBUG\CCTMXXMLPARSER.OBJ
E:\SHARE\YOP\DESKTOP\SIMPLEGAME\SIMPLEGAME\DEBUG\CCACTIONGRID.OBJ
E:\SHARE\YOP\DESKTOP\SIMPLEGAME\SIMPLEGAME\DEBUG\CCACTIONINTERVAL.OBJ
E:\SHARE\YOP\DESKTOP\SIMPLEGAME\SIMPLEGAME\DEBUG\CCACTIONTILEDGRID.OBJ
E:\SHARE\YOP\DESKTOP\SIMPLEGAME\SIMPLEGAME\DEBUG\CCCONFIGURATION.OBJ
E:\SHARE\YOP\DESKTOP\SIMPLEGAME\SIMPLEGAME\DEBUG\CCAFFINETRANSFORM.OBJ
E:\SHARE\YOP\DESKTOP\SIMPLEGAME\SIMPLEGAME\DEBUG\CCDATA.OBJ
E:\SHARE\YOP\DESKTOP\SIMPLEGAME\SIMPLEGAME\DEBUG\COCOS2D.OBJ
E:\SHARE\YOP\DESKTOP\SIMPLEGAME\SIMPLEGAME\DEBUG\CCKEYPADDISPATCHER.OBJ
E:\SHARE\YOP\DESKTOP\SIMPLEGAME\SIMPLEGAME\DEBUG\CCLABELTTF.OBJ
E:\SHARE\YOP\DESKTOP\SIMPLEGAME\SIMPLEGAME\DEBUG\CCTRANSITIONPAGETURN.OBJ
E:\SHARE\YOP\DESKTOP\SIMPLEGAME\SIMPLEGAME\DEBUG\CCMENU.OBJ
E:\SHARE\YOP\DESKTOP\SIMPLEGAME\SIMPLEGAME\DEBUG\CCRENDERTEXTURE.OBJ
E:\SHARE\YOP\DESKTOP\SIMPLEGAME\SIMPLEGAME\DEBUG\CCPARTICLESYSTEM.OBJ
E:\SHARE\YOP\DESKTOP\SIMPLEGAME\SIMPLEGAME\DEBUG\CCFILEUTILS.OBJ
E:\SHARE\YOP\DESKTOP\SIMPLEGAME\SIMPLEGAME\DEBUG\BASICLOADER.OBJ
E:\SHARE\YOP\DESKTOP\SIMPLEGAME\SIMPLEGAME\DEBUG\DIRECTXRENDER.OBJ
E:\SHARE\YOP\DESKTOP\SIMPLEGAME\SIMPLEGAME\DEBUG\CCSPRITEFRAME.OBJ
E:\SHARE\YOP\DESKTOP\SIMPLEGAME\SIMPLEGAME\DEBUG\BASE64.OBJ
E:\SHARE\YOP\DESKTOP\SIMPLEGAME\SIMPLEGAME\DEBUG\CCARRAY.OBJ
E:\SHARE\YOP\DESKTOP\SIMPLEGAME\SIMPLEGAME\DEBUG\UNZIP.OBJ
E:\SHARE\YOP\DESKTOP\SIMPLEGAME\SIMPLEGAME\DEBUG\CCTEXTUREATLAS.OBJ
E:\SHARE\YOP\DESKTOP\SIMPLEGAME\SIMPLEGAME\DEBUG\MEDIASTREAMER.OBJ
E:\SHARE\YOP\DESKTOP\SIMPLEGAME\SIMPLEGAME\DEBUG\HELLOWORLDSCENE.OBJ
E:\SHARE\YOP\DESKTOP\SIMPLEGAME\SIMPLEGAME\DEBUG\PCH.OBJ
E:\SHARE\YOP\DESKTOP\SIMPLEGAME\SIMPLEGAME\DEBUG\XAMLTYPEINFO.IMPL.G.OBJ
E:\SHARE\YOP\DESKTOP\SIMPLEGAME\SIMPLEGAME\DEBUG\B2COLLIDEPOLYGON.OBJ
E:\SHARE\YOP\DESKTOP\SIMPLEGAME\SIMPLEGAME\DEBUG\B2DYNAMICTREE.OBJ
E:\SHARE\YOP\DESKTOP\SIMPLEGAME\SIMPLEGAME\DEBUG\B2CHAINSHAPE.OBJ
E:\SHARE\YOP\DESKTOP\SIMPLEGAME\SIMPLEGAME\DEBUG\B2DRAW.OBJ
E:\SHARE\YOP\DESKTOP\SIMPLEGAME\SIMPLEGAME\DEBUG\B2STACKALLOCATOR.OBJ
E:\SHARE\YOP\DESKTOP\SIMPLEGAME\SIMPLEGAME\DEBUG\B2FIXTURE.OBJ
E:\SHARE\YOP\DESKTOP\SIMPLEGAME\SIMPLEGAME\DEBUG\B2CHAINANDCIRCLECONTACT.OBJ
E:\SHARE\YOP\DESKTOP\SIMPLEGAME\SIMPLEGAME\DEBUG\B2CONTACTSOLVER.OBJ
E:\SHARE\YOP\DESKTOP\SIMPLEGAME\SIMPLEGAME\DEBUG\B2POLYGONCONTACT.OBJ
E:\SHARE\YOP\DESKTOP\SIMPLEGAME\SIMPLEGAME\DEBUG\B2JOINT.OBJ
E:\SHARE\YOP\DESKTOP\SIMPLEGAME\SIMPLEGAME\DEBUG\B2REVOLUTEJOINT.OBJ
E:\SHARE\YOP\DESKTOP\SIMPLEGAME\SIMPLEGAME\DEBUG\B2ROPE.OBJ
E:\SHARE\YOP\DESKTOP\SIMPLEGAME\SIMPLEGAME\DEBUG\FONTFILESTREAM.OBJ
E:\SHARE\YOP\DESKTOP\SIMPLEGAME\SIMPLEGAME\DEBUG\CCPARALLAXNODE.OBJ
E:\SHARE\YOP\DESKTOP\SIMPLEGAME\SIMPLEGAME\DEBUG\CCTMXTILEDMAP.OBJ
E:\SHARE\YOP\DESKTOP\SIMPLEGAME\SIMPLEGAME\DEBUG\CCACTIONCAMERA.OBJ
E:\SHARE\YOP\DESKTOP\SIMPLEGAME\SIMPLEGAME\DEBUG\CCACTIONGRID3D.OBJ
E:\SHARE\YOP\DESKTOP\SIMPLEGAME\SIMPLEGAME\DEBUG\CCACTIONPAGETURN3D.OBJ
E:\SHARE\YOP\DESKTOP\SIMPLEGAME\SIMPLEGAME\DEBUG\CCNODE.OBJ
E:\SHARE\YOP\DESKTOP\SIMPLEGAME\SIMPLEGAME\DEBUG\CCSCHEDULER.OBJ
E:\SHARE\YOP\DESKTOP\SIMPLEGAME\SIMPLEGAME\DEBUG\CCNS.OBJ
E:\SHARE\YOP\DESKTOP\SIMPLEGAME\SIMPLEGAME\DEBUG\CCSET.OBJ
E:\SHARE\YOP\DESKTOP\SIMPLEGAME\SIMPLEGAME\DEBUG\CCGRABBER.OBJ
E:\SHARE\YOP\DESKTOP\SIMPLEGAME\SIMPLEGAME\DEBUG\CCLABELBMFONT.OBJ
E:\SHARE\YOP\DESKTOP\SIMPLEGAME\SIMPLEGAME\DEBUG\CCTRANSITION.OBJ
E:\SHARE\YOP\DESKTOP\SIMPLEGAME\SIMPLEGAME\DEBUG\CCMENUITEM.OBJ
E:\SHARE\YOP\DESKTOP\SIMPLEGAME\SIMPLEGAME\DEBUG\CCRIBBON.OBJ
E:\SHARE\YOP\DESKTOP\SIMPLEGAME\SIMPLEGAME\DEBUG\CCCOMMON.OBJ
E:\SHARE\YOP\DESKTOP\SIMPLEGAME\SIMPLEGAME\DEBUG\CCIMAGE.OBJ
E:\SHARE\YOP\DESKTOP\SIMPLEGAME\SIMPLEGAME\DEBUG\CCEGLVIEW_WIN8_METRO.OBJ
E:\SHARE\YOP\DESKTOP\SIMPLEGAME\SIMPLEGAME\DEBUG\CCANIMATION.OBJ
E:\SHARE\YOP\DESKTOP\SIMPLEGAME\SIMPLEGAME\DEBUG\CCSPRITE.OBJ
E:\SHARE\YOP\DESKTOP\SIMPLEGAME\SIMPLEGAME\DEBUG\IOAPI.OBJ
E:\SHARE\YOP\DESKTOP\SIMPLEGAME\SIMPLEGAME\DEBUG\ZIPUTILS.OBJ
E:\SHARE\YOP\DESKTOP\SIMPLEGAME\SIMPLEGAME\DEBUG\CCTEXTUREPVR.OBJ
E:\SHARE\YOP\DESKTOP\SIMPLEGAME\SIMPLEGAME\DEBUG\CCTOUCHHANDLER.OBJ
E:\SHARE\YOP\DESKTOP\SIMPLEGAME\SIMPLEGAME\DEBUG\TINYXML.OBJ
E:\SHARE\YOP\DESKTOP\SIMPLEGAME\SIMPLEGAME\DEBUG\TINYXMLPARSER.OBJ
E:\SHARE\YOP\DESKTOP\SIMPLEGAME\SIMPLEGAME\DEBUG\APPDELEGATE.OBJ
E:\SHARE\YOP\DESKTOP\SIMPLEGAME\SIMPLEGAME\DEBUG\DIRECTXBASE.OBJ
E:\SHARE\YOP\DESKTOP\SIMPLEGAME\SIMPLEGAME\DEBUG\VC110.PDB
E:\SHARE\YOP\DESKTOP\SIMPLEGAME\SIMPLEGAME\DEBUG\XAMLTYPEINFO.G.OBJ
E:\SHARE\YOP\DESKTOP\SIMPLEGAME\DEBUG\SIMPLEGAME\CCDRAWINGPIXELSHADER.CSO
E:\SHARE\YOP\DESKTOP\SIMPLEGAME\DEBUG\SIMPLEGAME\CCDRAWINGVERTEXSHADER.CSO
E:\SHARE\YOP\DESKTOP\SIMPLEGAME\DEBUG\SIMPLEGAME\CCGRIDPIXELSHADER.CSO
E:\SHARE\YOP\DESKTOP\SIMPLEGAME\DEBUG\SIMPLEGAME\CCGRIDVERTEXSHADER.CSO
E:\SHARE\YOP\DESKTOP\SIMPLEGAME\DEBUG\SIMPLEGAME\CCLAYERCOLORPIXELSHADER.CSO
E:\SHARE\YOP\DESKTOP\SIMPLEGAME\DEBUG\SIMPLEGAME\CCLAYERCOLORVERTEXSHADER.CSO
E:\SHARE\YOP\DESKTOP\SIMPLEGAME\DEBUG\SIMPLEGAME\CCPARTICLEPIXELSHADER.CSO
E:\SHARE\YOP\DESKTOP\SIMPLEGAME\DEBUG\SIMPLEGAME\CCPARTICLEVERTEXSHADER.CSO
E:\SHARE\YOP\DESKTOP\SIMPLEGAME\DEBUG\SIMPLEGAME\CCPROGRESSTIMERPIXELSHADER.CSO
E:\SHARE\YOP\DESKTOP\SIMPLEGAME\DEBUG\SIMPLEGAME\CCPROGRESSTIMERVERTEXSHADER.CSO
E:\SHARE\YOP\DESKTOP\SIMPLEGAME\DEBUG\SIMPLEGAME\CCRIBBONSEGMENTPIXELSHADER.CSO
E:\SHARE\YOP\DESKTOP\SIMPLEGAME\DEBUG\SIMPLEGAME\CCRIBBONSEGMENTVERTEXSHADER.CSO
E:\SHARE\YOP\DESKTOP\SIMPLEGAME\DEBUG\SIMPLEGAME\CCSPRITEPIXELSHADER.CSO
E:\SHARE\YOP\DESKTOP\SIMPLEGAME\DEBUG\SIMPLEGAME\CCSPRITEVERTEXSHADER.CSO
E:\SHARE\YOP\DESKTOP\SIMPLEGAME\DEBUG\SIMPLEGAME\CCTEXTURE2DPIXELSHADER.CSO
E:\SHARE\YOP\DESKTOP\SIMPLEGAME\DEBUG\SIMPLEGAME\CCTEXTURE2DVERTEXSHADER.CSO
E:\SHARE\YOP\DESKTOP\SIMPLEGAME\DEBUG\SIMPLEGAME\CCTEXTUREATLASPIXELSHADER.CSO
E:\SHARE\YOP\DESKTOP\SIMPLEGAME\DEBUG\SIMPLEGAME\CCTEXTUREATLASVERTEXSHADER.CSO
E:\SHARE\YOP\DESKTOP\SIMPLEGAME\DEBUG\SIMPLEGAME\FISHINGJOY_WIN8_METRO.WINMD
E:\SHARE\YOP\DESKTOP\SIMPLEGAME\DEBUG\SIMPLEGAME\SIMPLEGAME.ILK
E:\SHARE\YOP\DESKTOP\SIMPLEGAME\DEBUG\SIMPLEGAME\SIMPLEGAME.EXE
E:\SHARE\YOP\DESKTOP\SIMPLEGAME\DEBUG\SIMPLEGAME\SIMPLEGAME.PDB
E:\Share\Yop\Desktop\SimpleGame\Debug\SimpleGame\CCDrawingPixelShader.cso
E:\Share\Yop\Desktop\SimpleGame\Debug\SimpleGame\CCDrawingVertexShader.cso
E:\Share\Yop\Desktop\SimpleGame\Debug\SimpleGame\CCGridPixelShader.cso
E:\Share\Yop\Desktop\SimpleGame\Debug\SimpleGame\CCGridVertexShader.cso
E:\Share\Yop\Desktop\SimpleGame\Debug\SimpleGame\CCLayerColorPixelShader.cso
E:\Share\Yop\Desktop\SimpleGame\Debug\SimpleGame\CCLayerColorVertexShader.cso
E:\Share\Yop\Desktop\SimpleGame\Debug\SimpleGame\CCParticlePixelShader.cso
E:\Share\Yop\Desktop\SimpleGame\Debug\SimpleGame\CCParticleVertexShader.cso
E:\Share\Yop\Desktop\SimpleGame\Debug\SimpleGame\CCProgressTimerPixelShader.cso
E:\Share\Yop\Desktop\SimpleGame\Debug\SimpleGame\CCProgressTimerVertexShader.cso
E:\Share\Yop\Desktop\SimpleGame\Debug\SimpleGame\CCRibbonSegmentPixelShader.cso
E:\Share\Yop\Desktop\SimpleGame\Debug\SimpleGame\CCRibbonSegmentVertexShader.cso
E:\Share\Yop\Desktop\SimpleGame\Debug\SimpleGame\CCSpritePixelShader.cso
E:\Share\Yop\Desktop\SimpleGame\Debug\SimpleGame\CCSpriteVertexShader.cso
E:\Share\Yop\Desktop\SimpleGame\Debug\SimpleGame\CCTexture2DPixelShader.cso
E:\Share\Yop\Desktop\SimpleGame\Debug\SimpleGame\CCTexture2DVertexShader.cso
E:\Share\Yop\Desktop\SimpleGame\Debug\SimpleGame\CCTextureAtlasPixelShader.cso
E:\Share\Yop\Desktop\SimpleGame\Debug\SimpleGame\CCTextureAtlasVertexShader.cso
E:\Share\Yop\Desktop\SimpleGame\Debug\SimpleGame\SimpleGame.lib
E:\Share\Yop\Desktop\SimpleGame\Debug\SimpleGame\SimpleGame.exp
⹞尮潣潣㉳硤桜獬屬䍃牄睡湩偧硩汥桓摡牥栮獬൬帊⸮捜捯獯搲屸汨汳䍜䑃慲楷杮敖瑲硥桓摡牥栮獬൬帊⸮捜捯獯搲屸汨汳䍜䝃楲偤硩汥桓摡牥栮獬൬帊⸮捜捯獯搲屸汨汳䍜䝃楲噤牥整卸慨敤⹲汨汳਍⹞尮潣潣㉳硤桜獬屬䍃慌敹䍲汯牯楐數卬慨敤⹲汨汳਍⹞尮潣潣㉳硤桜獬屬䍃慌敹䍲汯牯敖瑲硥桓摡牥栮獬൬帊⸮捜捯獯搲屸汨汳䍜偃牡楴汣健硩汥桓摡牥栮獬൬帊⸮捜捯獯搲屸汨汳䍜偃牡楴汣噥牥整卸慨敤⹲汨汳਍⹞尮潣潣㉳硤桜獬屬䍃牐杯敲獳楔敭偲硩汥桓摡牥栮獬൬帊⸮捜捯獯搲屸汨汳䍜偃潲牧獥味浩牥敖瑲硥桓摡牥栮獬൬帊⸮捜捯獯搲屸汨汳䍜剃扩潢卮来敭瑮楐數卬慨敤⹲汨汳਍⹞尮潣潣㉳硤桜獬屬䍃楒扢湯敓浧湥噴牥整卸慨敤⹲汨汳਍⹞尮潣潣㉳硤桜獬屬䍃灓楲整楐數卬慨敤⹲汨汳਍⹞尮潣潣㉳硤桜獬屬䍃灓楲整敖瑲硥桓摡牥栮獬൬帊⸮捜捯獯搲屸汨汳䍜呃硥畴敲䐲楐數卬慨敤⹲汨汳਍⹞尮潣潣㉳硤桜獬屬䍃敔瑸牵㉥噄牥整卸慨敤⹲汨汳਍⹞尮潣潣㉳硤桜獬屬䍃敔瑸牵䅥汴獡楐數卬慨敤⹲汨汳਍⹞尮潣潣㉳硤桜獬屬䍃敔瑸牵䅥汴獡敖瑲硥桓摡牥栮獬൬䔊尺桓牡履潙屰敄歳潴屰楓灭敬慇敭䑜扥杵卜浩汰䝥浡履䍃牄睡湩偧硩汥桓摡牥挮潳਍㩅卜慨敲奜灯䑜獥瑫灯卜浩汰䝥浡履敄畢屧楓灭敬慇敭䍜䑃慲楷杮敖瑲硥桓摡牥挮潳਍㩅卜慨敲奜灯䑜獥瑫灯卜浩汰䝥浡履敄畢屧楓灭敬慇敭䍜䝃楲偤硩汥桓摡牥挮潳਍㩅卜慨敲奜灯䑜獥瑫灯卜浩汰䝥浡履敄畢屧楓灭敬慇敭䍜䝃楲噤牥整卸慨敤⹲獣൯䔊尺桓牡履潙屰敄歳潴屰楓灭敬慇敭䑜扥杵卜浩汰䝥浡履䍃慌敹䍲汯牯楐數卬慨敤⹲獣൯䔊尺桓牡履潙屰敄歳潴屰楓灭敬慇敭䑜扥杵卜浩汰䝥浡履䍃慌敹䍲汯牯敖瑲硥桓摡牥挮潳਍㩅卜慨敲奜灯䑜獥瑫灯卜浩汰䝥浡履敄畢屧楓灭敬慇敭䍜偃牡楴汣健硩汥桓摡牥挮潳਍㩅卜慨敲奜灯䑜獥瑫灯卜浩汰䝥浡履敄畢屧楓灭敬慇敭䍜偃牡楴汣噥牥整卸慨敤⹲獣൯䔊尺桓牡履潙屰敄歳潴屰楓灭敬慇敭䑜扥杵卜浩汰䝥浡履䍃牐杯敲獳楔敭偲硩汥桓摡牥挮潳਍㩅卜慨敲奜灯䑜獥瑫灯卜浩汰䝥浡履敄畢屧楓灭敬慇敭䍜偃潲牧獥味浩牥敖瑲硥桓摡牥挮潳਍㩅卜慨敲奜灯䑜獥瑫灯卜浩汰䝥浡履敄畢屧楓灭敬慇敭䍜剃扩潢卮来敭瑮楐數卬慨敤⹲獣൯䔊尺桓牡履潙屰敄歳潴屰楓灭敬慇敭䑜扥杵卜浩汰䝥浡履䍃楒扢湯敓浧湥噴牥整卸慨敤⹲獣൯䔊尺桓牡履潙屰敄歳潴屰楓灭敬慇敭䑜扥杵卜浩汰䝥浡履䍃灓楲整楐數卬慨敤⹲獣൯䔊尺桓牡履潙屰敄歳潴屰楓灭敬慇敭䑜扥杵卜浩汰䝥浡履䍃灓楲整敖瑲硥桓摡牥挮潳਍㩅卜慨敲奜灯䑜獥瑫灯卜浩汰䝥浡履敄畢屧楓灭敬慇敭䍜呃硥畴敲䐲楐數卬慨敤⹲獣൯䔊尺桓牡履潙屰敄歳潴屰楓灭敬慇敭䑜扥杵卜浩汰䝥浡履䍃敔瑸牵㉥噄牥整卸慨敤⹲獣൯䔊尺桓牡履潙屰敄歳潴屰楓灭敬慇敭䑜扥杵卜浩汰䝥浡履䍃敔瑸牵䅥汴獡楐數卬慨敤⹲獣൯䔊尺桓牡履潙屰敄歳潴屰楓灭敬慇敭䑜扥杵卜浩汰䝥浡履䍃敔瑸牵䅥汴獡敖瑲硥桓摡牥挮潳਍䕞尺桓牡履潙屰敄歳潴屰楓灭敬慇敭卜浩汰䝥浡履楓灭敬慇敭瘮硣牰橯਍㩅卜慨敲奜灯䑜獥瑫灯卜浩汰䝥浡履敄畢屧楓灭敬慇敭卜浩汰䝥浡⹥楬ൢ䔊尺桓牡履潙屰敄歳潴屰楓灭敬慇敭䑜扥杵卜浩汰䝥浡履楓灭敬慇敭攮灸਍䕞尺桓牡履潙屰敄歳潴屰楓灭敬慇敭卜浩汰䝥浡履楓灭敬慇敭瘮硣牰橯਍㩅卜慨敲奜灯䑜獥瑫灯卜浩汰䝥浡履楓灭敬慇敭䑜扥杵卜浩汰䝥浡⹥捶灸潲剪獥汯敶獁敳扭祬敒敦敲据⹥慣档൥䔊尺桓牡履潙屰敄歳潴屰楓灭敬慇敭卜浩汰䝥浡履敇敮慲整⁤楆敬屳灁⹰⹧൨䔊尺桓牡履潙屰敄歳潴屰楓灭敬慇敭卜浩汰䝥浡履敇敮慲整⁤楆敬屳灁⹰⹧灨൰䔊尺桓牡履潙屰敄歳潴屰楓灭敬慇敭卜浩汰䝥浡履敇敮慲整⁤楆敬屳潃浭湯卜慴摮牡卤祴敬⹳⹧൨䔊尺桓牡履潙屰敄歳潴屰楓灭敬慇敭卜浩汰䝥浡履敇敮慲整⁤楆敬屳潃浭湯卜慴摮牡卤祴敬⹳⹧灨൰䔊尺桓牡履潙屰敄歳潴屰楓灭敬慇敭卜浩汰䝥浡履敇敮慲整⁤楆敬屳楄敲瑣偘条⹥⹧൨䔊尺桓牡履潙屰敄歳潴屰楓灭敬慇敭卜浩汰䝥浡履敇敮慲整⁤楆敬屳慘汭楌䵢瑥摡瑡偡潲楶敤⹲⹧灣൰䔊尺桓牡履潙屰敄歳潴屰楓灭敬慇敭卜浩汰䝥浡履敇敮慲整⁤楆敬屳慘汭祔数湉潦䤮灭⹬⹧灣൰䔊尺桓牡履潙屰敄歳潴屰楓灭敬慇敭卜浩汰䝥浡履敇敮慲整⁤楆敬屳灁⹰慸汭਍㩅卜慨敲奜灯䑜獥瑫灯卜浩汰䝥浡履楓灭敬慇敭䝜湥牥瑡摥䘠汩獥䍜浯潭屮瑓湡慤摲瑓汹獥砮浡൬䔊尺桓牡履潙屰敄歳潴屰楓灭敬慇敭卜浩汰䝥浡履敇敮慲整⁤楆敬屳楄敲瑣偘条⹥慸汭਍㩅卜慨敲奜灯䑜獥瑫灯卜浩汰䝥浡履楓灭敬慇敭䝜湥牥瑡摥䘠汩獥䅜灰朮栮灰਍㩅卜慨敲奜灯䑜獥瑫灯卜浩汰䝥浡履楓灭敬慇敭䝜湥牥瑡摥䘠汩獥䍜浯潭屮瑓湡慤摲瑓汹獥朮栮灰਍㩅卜慨敲奜灯䑜獥瑫灯卜浩汰䝥浡履楓灭敬慇敭䝜湥牥瑡摥䘠汩獥䑜物捥塴慐敧朮栮灰਍㩅卜慨敲奜灯䑜獥瑫灯卜浩汰䝥浡履楓灭敬慇敭䝜湥牥瑡摥䘠汩獥塜浡呬灹䥥普⹯⹧灣൰䔊尺桓牡履潙屰敄歳潴屰楓灭敬慇敭卜浩汰䝥浡履敇敮慲整⁤楆敬屳灁⹰慸汭਍㩅卜慨敲奜灯䑜獥瑫灯卜浩汰䝥浡履楓灭敬慇敭䝜湥牥瑡摥䘠汩獥䍜浯潭屮瑓湡慤摲瑓汹獥砮浡൬䔊尺桓牡履潙屰敄歳潴屰楓灭敬慇敭卜浩汰䝥浡履敇敮慲整⁤楆敬屳楄敲瑣偘条⹥慸汭਍㩅卜慨敲奜灯䑜獥瑫灯卜浩汰䝥浡履楓灭敬慇敭䑜扥杵灜楲潣普杩砮汭਍㩅卜慨敲奜灯䑜獥瑫灯卜浩汰䝥浡履楓灭敬慇敭䑜扥杵汜祡畯⹴敲晳汩獥਍㩅卜慨敲奜灯䑜獥瑫灯卜浩汰䝥浡履楓灭敬慇敭䑜扥杵牜獥畯捲獥爮獥楦敬൳䔊尺桓牡履潙屰敄歳潴屰楓灭敬慇敭卜浩汰䝥浡履敄畢屧牰⹩敲晳汩獥਍㩅卜慨敲奜灯䑜獥瑫灯卜浩汰䝥浡履敄畢屧楓灭敬慇敭牜獥畯捲獥瀮楲਍㩅卜慨敲奜灯䑜獥瑫灯卜浩汰䝥浡履楓灭敬慇敭䑜扥杵䱜湡畧条入慵楬楦牥⹳硴൴䔊尺桓牡履潙屰敄歳潴屰楓灭敬慇敭卜浩汰䝥浡履敄畢屧牐橯捥䅴捲楨整瑣牵獥琮瑸਍㩅卜慨敲奜灯䑜獥瑫灯卜浩汰䝥浡履敄畢屧楓灭敬慇敭䅜灰䵸湡晩獥⹴浸൬䔊尺桓牡履潙屰敄歳潴屰楓灭敬慇敭䑜扥杵卜浩汰䝥浡履楓灭敬慇敭戮極摬愮灰牸捥灩൥
E:\Share\Yop\Desktop\SimpleGame\SimpleGame\Debug\SimpleGame.vcxprojResolveAssemblyReference.cache
E:\Share\Yop\Desktop\SimpleGame\SimpleGame\Debug\App.xaml.obj
E:\Share\Yop\Desktop\SimpleGame\SimpleGame\Debug\AppDelegate.obj
E:\Share\Yop\Desktop\SimpleGame\SimpleGame\Debug\Audio.obj
E:\Share\Yop\Desktop\SimpleGame\SimpleGame\Debug\b2BlockAllocator.obj
E:\Share\Yop\Desktop\SimpleGame\SimpleGame\Debug\b2Body.obj
E:\Share\Yop\Desktop\SimpleGame\SimpleGame\Debug\b2BroadPhase.obj
E:\Share\Yop\Desktop\SimpleGame\SimpleGame\Debug\b2ChainAndCircleContact.obj
E:\Share\Yop\Desktop\SimpleGame\SimpleGame\Debug\b2ChainAndPolygonContact.obj
E:\Share\Yop\Desktop\SimpleGame\SimpleGame\Debug\b2ChainShape.obj
E:\Share\Yop\Desktop\SimpleGame\SimpleGame\Debug\b2CircleContact.obj
E:\Share\Yop\Desktop\SimpleGame\SimpleGame\Debug\b2CircleShape.obj
E:\Share\Yop\Desktop\SimpleGame\SimpleGame\Debug\b2CollideCircle.obj
E:\Share\Yop\Desktop\SimpleGame\SimpleGame\Debug\b2CollideEdge.obj
E:\Share\Yop\Desktop\SimpleGame\SimpleGame\Debug\b2CollidePolygon.obj
E:\Share\Yop\Desktop\SimpleGame\SimpleGame\Debug\b2Collision.obj
E:\Share\Yop\Desktop\SimpleGame\SimpleGame\Debug\b2Contact.obj
E:\Share\Yop\Desktop\SimpleGame\SimpleGame\Debug\b2ContactManager.obj
E:\Share\Yop\Desktop\SimpleGame\SimpleGame\Debug\b2ContactSolver.obj
E:\Share\Yop\Desktop\SimpleGame\SimpleGame\Debug\b2Distance.obj
E:\Share\Yop\Desktop\SimpleGame\SimpleGame\Debug\b2DistanceJoint.obj
E:\Share\Yop\Desktop\SimpleGame\SimpleGame\Debug\b2Draw.obj
E:\Share\Yop\Desktop\SimpleGame\SimpleGame\Debug\b2DynamicTree.obj
E:\Share\Yop\Desktop\SimpleGame\SimpleGame\Debug\b2EdgeAndCircleContact.obj
E:\Share\Yop\Desktop\SimpleGame\SimpleGame\Debug\b2EdgeAndPolygonContact.obj
E:\Share\Yop\Desktop\SimpleGame\SimpleGame\Debug\b2EdgeShape.obj
E:\Share\Yop\Desktop\SimpleGame\SimpleGame\Debug\b2Fixture.obj
E:\Share\Yop\Desktop\SimpleGame\SimpleGame\Debug\b2FrictionJoint.obj
E:\Share\Yop\Desktop\SimpleGame\SimpleGame\Debug\b2GearJoint.obj
E:\Share\Yop\Desktop\SimpleGame\SimpleGame\Debug\b2Island.obj
E:\Share\Yop\Desktop\SimpleGame\SimpleGame\Debug\b2Joint.obj
E:\Share\Yop\Desktop\SimpleGame\SimpleGame\Debug\b2Math.obj
E:\Share\Yop\Desktop\SimpleGame\SimpleGame\Debug\b2MouseJoint.obj
E:\Share\Yop\Desktop\SimpleGame\SimpleGame\Debug\b2PolygonAndCircleContact.obj
E:\Share\Yop\Desktop\SimpleGame\SimpleGame\Debug\b2PolygonContact.obj
E:\Share\Yop\Desktop\SimpleGame\SimpleGame\Debug\b2PolygonShape.obj
E:\Share\Yop\Desktop\SimpleGame\SimpleGame\Debug\b2PrismaticJoint.obj
E:\Share\Yop\Desktop\SimpleGame\SimpleGame\Debug\b2PulleyJoint.obj
E:\Share\Yop\Desktop\SimpleGame\SimpleGame\Debug\b2RevoluteJoint.obj
E:\Share\Yop\Desktop\SimpleGame\SimpleGame\Debug\b2Rope.obj
E:\Share\Yop\Desktop\SimpleGame\SimpleGame\Debug\b2RopeJoint.obj
E:\Share\Yop\Desktop\SimpleGame\SimpleGame\Debug\b2Settings.obj
E:\Share\Yop\Desktop\SimpleGame\SimpleGame\Debug\b2StackAllocator.obj
E:\Share\Yop\Desktop\SimpleGame\SimpleGame\Debug\b2TimeOfImpact.obj
E:\Share\Yop\Desktop\SimpleGame\SimpleGame\Debug\b2Timer.obj
E:\Share\Yop\Desktop\SimpleGame\SimpleGame\Debug\b2WeldJoint.obj
E:\Share\Yop\Desktop\SimpleGame\SimpleGame\Debug\b2WheelJoint.obj
E:\Share\Yop\Desktop\SimpleGame\SimpleGame\Debug\b2World.obj
E:\Share\Yop\Desktop\SimpleGame\SimpleGame\Debug\b2WorldCallbacks.obj
E:\Share\Yop\Desktop\SimpleGame\SimpleGame\Debug\base64.obj
E:\Share\Yop\Desktop\SimpleGame\SimpleGame\Debug\BasicLoader.obj
E:\Share\Yop\Desktop\SimpleGame\SimpleGame\Debug\BasicReaderWriter.obj
E:\Share\Yop\Desktop\SimpleGame\SimpleGame\Debug\CCAction.obj
E:\Share\Yop\Desktop\SimpleGame\SimpleGame\Debug\CCActionCamera.obj
E:\Share\Yop\Desktop\SimpleGame\SimpleGame\Debug\CCActionEase.obj
E:\Share\Yop\Desktop\SimpleGame\SimpleGame\Debug\CCActionGrid.obj
E:\Share\Yop\Desktop\SimpleGame\SimpleGame\Debug\CCActionGrid3D.obj
E:\Share\Yop\Desktop\SimpleGame\SimpleGame\Debug\CCActionInstant.obj
E:\Share\Yop\Desktop\SimpleGame\SimpleGame\Debug\CCActionInterval.obj
E:\Share\Yop\Desktop\SimpleGame\SimpleGame\Debug\CCActionManager.obj
E:\Share\Yop\Desktop\SimpleGame\SimpleGame\Debug\CCActionPageTurn3D.obj
E:\Share\Yop\Desktop\SimpleGame\SimpleGame\Debug\CCActionProgressTimer.obj
E:\Share\Yop\Desktop\SimpleGame\SimpleGame\Debug\CCActionTiledGrid.obj
E:\Share\Yop\Desktop\SimpleGame\SimpleGame\Debug\CCAffineTransform.obj
E:\Share\Yop\Desktop\SimpleGame\SimpleGame\Debug\CCAnimation.obj
E:\Share\Yop\Desktop\SimpleGame\SimpleGame\Debug\CCAnimationCache.obj
E:\Share\Yop\Desktop\SimpleGame\SimpleGame\Debug\CCApplication_win8_metro.obj
E:\Share\Yop\Desktop\SimpleGame\SimpleGame\Debug\CCArray.obj
E:\Share\Yop\Desktop\SimpleGame\SimpleGame\Debug\CCAtlasNode.obj
E:\Share\Yop\Desktop\SimpleGame\SimpleGame\Debug\CCAutoreleasePool.obj
E:\Share\Yop\Desktop\SimpleGame\SimpleGame\Debug\CCCamera.obj
E:\Share\Yop\Desktop\SimpleGame\SimpleGame\Debug\CCCommon.obj
E:\Share\Yop\Desktop\SimpleGame\SimpleGame\Debug\CCConfiguration.obj
E:\Share\Yop\Desktop\SimpleGame\SimpleGame\Debug\CCData.obj
E:\Share\Yop\Desktop\SimpleGame\SimpleGame\Debug\CCDirector.obj
E:\Share\Yop\Desktop\SimpleGame\SimpleGame\Debug\CCDrawingPrimitives.obj
E:\Share\Yop\Desktop\SimpleGame\SimpleGame\Debug\CCEGLView_win8_metro.obj
E:\Share\Yop\Desktop\SimpleGame\SimpleGame\Debug\CCFileUtils.obj
E:\Share\Yop\Desktop\SimpleGame\SimpleGame\Debug\CCGeometry.obj
E:\Share\Yop\Desktop\SimpleGame\SimpleGame\Debug\CCGL.obj
E:\Share\Yop\Desktop\SimpleGame\SimpleGame\Debug\CCGrabber.obj
E:\Share\Yop\Desktop\SimpleGame\SimpleGame\Debug\CCGrid.obj
E:\Share\Yop\Desktop\SimpleGame\SimpleGame\Debug\CCImage.obj
E:\Share\Yop\Desktop\SimpleGame\SimpleGame\Debug\CCIMEDispatcher.obj
E:\Share\Yop\Desktop\SimpleGame\SimpleGame\Debug\CCKeypadDelegate.obj
E:\Share\Yop\Desktop\SimpleGame\SimpleGame\Debug\CCKeypadDispatcher.obj
E:\Share\Yop\Desktop\SimpleGame\SimpleGame\Debug\CCLabelAtlas.obj
E:\Share\Yop\Desktop\SimpleGame\SimpleGame\Debug\CCLabelBMFont.obj
E:\Share\Yop\Desktop\SimpleGame\SimpleGame\Debug\CCLabelTTF.obj
E:\Share\Yop\Desktop\SimpleGame\SimpleGame\Debug\CCLayer.obj
E:\Share\Yop\Desktop\SimpleGame\SimpleGame\Debug\CCMenu.obj
E:\Share\Yop\Desktop\SimpleGame\SimpleGame\Debug\CCMenuItem.obj
E:\Share\Yop\Desktop\SimpleGame\SimpleGame\Debug\CCMotionStreak.obj
E:\Share\Yop\Desktop\SimpleGame\SimpleGame\Debug\CCNode.obj
E:\Share\Yop\Desktop\SimpleGame\SimpleGame\Debug\CCNotificationCenter.obj
E:\Share\Yop\Desktop\SimpleGame\SimpleGame\Debug\CCNS.obj
E:\Share\Yop\Desktop\SimpleGame\SimpleGame\Debug\CCObject.obj
E:\Share\Yop\Desktop\SimpleGame\SimpleGame\Debug\CCParallaxNode.obj
E:\Share\Yop\Desktop\SimpleGame\SimpleGame\Debug\CCParticleExamples.obj
E:\Share\Yop\Desktop\SimpleGame\SimpleGame\Debug\CCParticleSystem.obj
E:\Share\Yop\Desktop\SimpleGame\SimpleGame\Debug\CCParticleSystemPoint.obj
E:\Share\Yop\Desktop\SimpleGame\SimpleGame\Debug\CCParticleSystemQuad.obj
E:\Share\Yop\Desktop\SimpleGame\SimpleGame\Debug\CCPointExtension.obj
E:\Share\Yop\Desktop\SimpleGame\SimpleGame\Debug\CCProfiling.obj
E:\Share\Yop\Desktop\SimpleGame\SimpleGame\Debug\CCProgressTimer.obj
E:\Share\Yop\Desktop\SimpleGame\SimpleGame\Debug\CCRenderTexture.obj
E:\Share\Yop\Desktop\SimpleGame\SimpleGame\Debug\CCRibbon.obj
E:\Share\Yop\Desktop\SimpleGame\SimpleGame\Debug\CCSAXParser.obj
E:\Share\Yop\Desktop\SimpleGame\SimpleGame\Debug\CCScene.obj
E:\Share\Yop\Desktop\SimpleGame\SimpleGame\Debug\CCScheduler.obj
E:\Share\Yop\Desktop\SimpleGame\SimpleGame\Debug\CCScriptSupport.obj
E:\Share\Yop\Desktop\SimpleGame\SimpleGame\Debug\CCSet.obj
E:\Share\Yop\Desktop\SimpleGame\SimpleGame\Debug\CCSprite.obj
E:\Share\Yop\Desktop\SimpleGame\SimpleGame\Debug\CCSpriteBatchNode.obj
E:\Share\Yop\Desktop\SimpleGame\SimpleGame\Debug\CCSpriteFrame.obj
E:\Share\Yop\Desktop\SimpleGame\SimpleGame\Debug\CCSpriteFrameCache.obj
E:\Share\Yop\Desktop\SimpleGame\SimpleGame\Debug\CCStdC.obj
E:\Share\Yop\Desktop\SimpleGame\SimpleGame\Debug\CCTextFieldTTF.obj
E:\Share\Yop\Desktop\SimpleGame\SimpleGame\Debug\CCTexture2D.obj
E:\Share\Yop\Desktop\SimpleGame\SimpleGame\Debug\CCTextureAtlas.obj
E:\Share\Yop\Desktop\SimpleGame\SimpleGame\Debug\CCTextureCache.obj
E:\Share\Yop\Desktop\SimpleGame\SimpleGame\Debug\CCTexturePVR.obj
E:\Share\Yop\Desktop\SimpleGame\SimpleGame\Debug\CCTileMapAtlas.obj
E:\Share\Yop\Desktop\SimpleGame\SimpleGame\Debug\CCTMXLayer.obj
E:\Share\Yop\Desktop\SimpleGame\SimpleGame\Debug\CCTMXObjectGroup.obj
E:\Share\Yop\Desktop\SimpleGame\SimpleGame\Debug\CCTMXTiledMap.obj
E:\Share\Yop\Desktop\SimpleGame\SimpleGame\Debug\CCTMXXMLParser.obj
E:\Share\Yop\Desktop\SimpleGame\SimpleGame\Debug\CCTouchDispatcher.obj
E:\Share\Yop\Desktop\SimpleGame\SimpleGame\Debug\CCTouchHandler.obj
E:\Share\Yop\Desktop\SimpleGame\SimpleGame\Debug\CCTransition.obj
E:\Share\Yop\Desktop\SimpleGame\SimpleGame\Debug\CCTransitionPageTurn.obj
E:\Share\Yop\Desktop\SimpleGame\SimpleGame\Debug\CCTransitionRadial.obj
E:\Share\Yop\Desktop\SimpleGame\SimpleGame\Debug\CCUserDefault.obj
E:\Share\Yop\Desktop\SimpleGame\SimpleGame\Debug\ccUtils.obj
E:\Share\Yop\Desktop\SimpleGame\SimpleGame\Debug\CCZone.obj
E:\Share\Yop\Desktop\SimpleGame\SimpleGame\Debug\cocos2d.obj
E:\Share\Yop\Desktop\SimpleGame\SimpleGame\Debug\DirectXBase.obj
E:\Share\Yop\Desktop\SimpleGame\SimpleGame\Debug\DirectXPage.xaml.obj
E:\Share\Yop\Desktop\SimpleGame\SimpleGame\Debug\DirectXRender.obj
E:\Share\Yop\Desktop\SimpleGame\SimpleGame\Debug\DXTextPainter.obj
E:\Share\Yop\Desktop\SimpleGame\SimpleGame\Debug\FontFileStream.obj
E:\Share\Yop\Desktop\SimpleGame\SimpleGame\Debug\FontLoader.obj
E:\Share\Yop\Desktop\SimpleGame\SimpleGame\Debug\GameOverScene.obj
E:\Share\Yop\Desktop\SimpleGame\SimpleGame\Debug\HelloWorldScene.obj
E:\Share\Yop\Desktop\SimpleGame\SimpleGame\Debug\ioapi.obj
E:\Share\Yop\Desktop\SimpleGame\SimpleGame\Debug\main.obj
E:\Share\Yop\Desktop\SimpleGame\SimpleGame\Debug\MediaStreamer.obj
E:\Share\Yop\Desktop\SimpleGame\SimpleGame\Debug\pch.obj
E:\Share\Yop\Desktop\SimpleGame\SimpleGame\Debug\platform.obj
E:\Share\Yop\Desktop\SimpleGame\SimpleGame\Debug\SimpleAudioEngine.obj
E:\Share\Yop\Desktop\SimpleGame\SimpleGame\Debug\SimpleTextRenderer.obj
E:\Share\Yop\Desktop\SimpleGame\SimpleGame\Debug\TGAlib.obj
E:\Share\Yop\Desktop\SimpleGame\SimpleGame\Debug\tinystr.obj
E:\Share\Yop\Desktop\SimpleGame\SimpleGame\Debug\tinyxml.obj
E:\Share\Yop\Desktop\SimpleGame\SimpleGame\Debug\tinyxmlerror.obj
E:\Share\Yop\Desktop\SimpleGame\SimpleGame\Debug\tinyxmlparser.obj
E:\Share\Yop\Desktop\SimpleGame\SimpleGame\Debug\TransformUtils.obj
E:\Share\Yop\Desktop\SimpleGame\SimpleGame\Debug\unzip.obj
E:\Share\Yop\Desktop\SimpleGame\SimpleGame\Debug\XamlTypeInfo.g.obj
E:\Share\Yop\Desktop\SimpleGame\SimpleGame\Debug\XamlTypeInfo.Impl.g.obj
E:\Share\Yop\Desktop\SimpleGame\SimpleGame\Debug\ZipUtils.obj
E:\Share\Yop\Desktop\SimpleGame\SimpleGame\Debug\CL.1760.read.1.tlog
E:\Share\Yop\Desktop\SimpleGame\SimpleGame\Debug\CL.1760.write.1.tlog
E:\Share\Yop\Desktop\SimpleGame\SimpleGame\Debug\CL.4836.read.1.tlog
E:\Share\Yop\Desktop\SimpleGame\SimpleGame\Debug\CL.4836.write.1.tlog
E:\Share\Yop\Desktop\SimpleGame\SimpleGame\Debug\CL.5468.read.1.tlog
E:\Share\Yop\Desktop\SimpleGame\SimpleGame\Debug\CL.5468.write.1.tlog
E:\Share\Yop\Desktop\SimpleGame\SimpleGame\Debug\CL.6004.read.1.tlog
E:\Share\Yop\Desktop\SimpleGame\SimpleGame\Debug\CL.6004.write.1.tlog
E:\Share\Yop\Desktop\SimpleGame\SimpleGame\Debug\CL.6548.read.1.tlog
E:\Share\Yop\Desktop\SimpleGame\SimpleGame\Debug\CL.6548.write.1.tlog
E:\Share\Yop\Desktop\SimpleGame\SimpleGame\Debug\CL.7408.read.1.tlog
E:\Share\Yop\Desktop\SimpleGame\SimpleGame\Debug\CL.7408.write.1.tlog
E:\Share\Yop\Desktop\SimpleGame\SimpleGame\Debug\CL.7560.read.1.tlog
E:\Share\Yop\Desktop\SimpleGame\SimpleGame\Debug\CL.7560.write.1.tlog
E:\Share\Yop\Desktop\SimpleGame\SimpleGame\Debug\CL.980.read.1.tlog
E:\Share\Yop\Desktop\SimpleGame\SimpleGame\Debug\CL.980.write.1.tlog
E:\Share\Yop\Desktop\SimpleGame\SimpleGame\Debug\cl.command.1.tlog
E:\Share\Yop\Desktop\SimpleGame\SimpleGame\Debug\CL.read.1.tlog
E:\Share\Yop\Desktop\SimpleGame\SimpleGame\Debug\CL.write.1.tlog
E:\Share\Yop\Desktop\SimpleGame\SimpleGame\Debug\FXC.command.1.tlog
E:\Share\Yop\Desktop\SimpleGame\SimpleGame\Debug\fxc.read.1.tlog
E:\Share\Yop\Desktop\SimpleGame\SimpleGame\Debug\fxc.write.1.tlog
E:\Share\Yop\Desktop\SimpleGame\SimpleGame\Debug\link.2272.read.1.tlog
E:\Share\Yop\Desktop\SimpleGame\SimpleGame\Debug\link.2272.write.1.tlog
E:\Share\Yop\Desktop\SimpleGame\SimpleGame\Debug\link.4072.read.1.tlog
E:\Share\Yop\Desktop\SimpleGame\SimpleGame\Debug\link.4072.write.1.tlog
E:\Share\Yop\Desktop\SimpleGame\SimpleGame\Debug\link.4528.read.1.tlog
E:\Share\Yop\Desktop\SimpleGame\SimpleGame\Debug\link.4528.write.1.tlog
E:\Share\Yop\Desktop\SimpleGame\SimpleGame\Debug\link.command.1.tlog
E:\Share\Yop\Desktop\SimpleGame\SimpleGame\Debug\link.read.1.tlog
E:\Share\Yop\Desktop\SimpleGame\SimpleGame\Debug\link.write.1.tlog
E:\Share\Yop\Desktop\SimpleGame\SimpleGame\Debug\SimpleGame.read.1.tlog
E:\Share\Yop\Desktop\SimpleGame\SimpleGame\Debug\SimpleGame.write.1.tlog
E:\Share\Yop\Desktop\SimpleGame\SimpleGame\Debug\vc110.idb
E:\Share\Yop\Desktop\SimpleGame\SimpleGame\Debug\vc110.pdb
E:\Share\Yop\Desktop\SimpleGame\SimpleGame\Debug\priconfig.xml
E:\Share\Yop\Desktop\SimpleGame\Debug\SimpleGame\SimpleGame.pdb
E:\Share\Yop\Desktop\SimpleGame\Debug\SimpleGame\SimpleGame.exe
E:\Share\Yop\Desktop\SimpleGame\Debug\SimpleGame\SimpleGame.ilk
E:\Share\Yop\Desktop\SimpleGame\SimpleGame\Generated Files\App.g.h
E:\Share\Yop\Desktop\SimpleGame\SimpleGame\Generated Files\DirectXPage.g.h
E:\Share\Yop\Desktop\SimpleGame\SimpleGame\Generated Files\XamlTypeInfo.g.h
E:\Share\Yop\Desktop\SimpleGame\SimpleGame\Generated Files\XamlLibMetadataProvider.g.cpp
E:\Share\Yop\Desktop\SimpleGame\SimpleGame\Generated Files\XamlTypeInfo.g.cpp
E:\Share\Yop\Desktop\SimpleGame\SimpleGame\Generated Files\XamlTypeInfo.Impl.g.cpp
E:\Share\Yop\Desktop\SimpleGame\SimpleGame\Generated Files\App.xaml
E:\Share\Yop\Desktop\SimpleGame\SimpleGame\Generated Files\DirectXPage.xaml
